~~ Round 1 ~~

~~ Round 2 ~~
Angel LifeGiver was spawned at 2 2
Angel XPAngel was spawned at 1 1
Angel DarkAngel was spawned at 1 3
Angel DamageAngel was spawned at 1 3
DarkAngel helped Wizard 2
DarkAngel helped Wizard 3
DamageAngel helped Wizard 2
DamageAngel helped Wizard 3

~~ Round 3 ~~
Angel SmallAngel was spawned at 2 2

~~ Round 4 ~~
Angel TheDoomer was spawned at 0 3
TheDoomer helped Rogue 0
TheDoomer helped Wizard 1
TheDoomer helped Wizard 2

~~ Round 5 ~~
Angel XPAngel was spawned at 1 3
XPAngel helped Wizard 3

~~ Round 6 ~~
Angel XPAngel was spawned at 1 3
XPAngel helped Wizard 3

~~ Round 7 ~~
Angel XPAngel was spawned at 1 3
XPAngel helped Wizard 3

~~ Round 8 ~~
Angel XPAngel was spawned at 1 3
XPAngel helped Wizard 3

~~ Round 9 ~~
Angel XPAngel was spawned at 1 3
XPAngel helped Wizard 3

~~ Round 10 ~~
Angel XPAngel was spawned at 1 3
XPAngel helped Wizard 3

~~ Round 11 ~~
Angel XPAngel was spawned at 1 3
XPAngel helped Wizard 3

~~ Round 12 ~~
Angel XPAngel was spawned at 1 3
XPAngel helped Wizard 3

~~ Round 13 ~~
Angel LifeGiver was spawned at 3 3
Angel LifeGiver was spawned at 3 3
Angel LifeGiver was spawned at 3 3
LifeGiver helped Wizard 4
LifeGiver helped Wizard 5
LifeGiver helped Wizard 4
LifeGiver helped Wizard 5
LifeGiver helped Wizard 4
LifeGiver helped Wizard 5

~~ Round 14 ~~
Angel Dracula was spawned at 3 3
Angel GoodBoy was spawned at 3 3
Angel LevelUpAngel was spawned at 3 3
Dracula helped Wizard 4
Dracula helped Wizard 5
GoodBoy helped Wizard 4
GoodBoy helped Wizard 5
LevelUpAngel helped Wizard 4
LevelUpAngel helped Wizard 5

~~ Round 15 ~~
Angel DarkAngel was spawned at 3 2
DarkAngel helped Wizard 6
DarkAngel helped Knight 7

~~ Round 16 ~~
Angel Spawner was spawned at 3 2
Spawner helped Wizard 5
Spawner helped Wizard 6
Spawner helped Knight 7

~~ Results ~~
R dead
W dead
W dead
W 5 480 550 1 3
W 1 0 373 3 3
W 1 0 108 3 2
W 0 0 120 3 2
K 0 200 436 3 2
