~~ Round 1 ~~
Angel Dracula was spawned at 0 0
Angel DamageAngel was spawned at 0 0
Angel LifeGiver was spawned at 0 0
Dracula helped Knight 0
Dracula helped Rogue 1
DamageAngel helped Knight 0
DamageAngel helped Rogue 1
LifeGiver helped Knight 0
LifeGiver helped Rogue 1

~~ Round 2 ~~
Angel LevelUpAngel was spawned at 0 0
Angel LifeGiver was spawned at 0 0
LevelUpAngel helped Knight 0
LevelUpAngel helped Rogue 1
LifeGiver helped Knight 0
LifeGiver helped Rogue 1

~~ Results ~~
K 1 200 980 0 0
R 1 0 640 0 0
