~~ Round 1 ~~
Angel TheDoomer was spawned at 0 0
TheDoomer helped Knight 0
TheDoomer helped Wizard 1

~~ Round 2 ~~
Angel TheDoomer was spawned at 0 0
Angel TheDoomer was spawned at 0 0
Angel TheDoomer was spawned at 0 0
Angel TheDoomer was spawned at 0 0
Angel TheDoomer was spawned at 0 0
Angel TheDoomer was spawned at 0 0
Angel TheDoomer was spawned at 0 0
Angel TheDoomer was spawned at 0 0
Angel TheDoomer was spawned at 0 0
Angel TheDoomer was spawned at 0 0
TheDoomer helped Knight 0
TheDoomer helped Wizard 1
TheDoomer helped Knight 0
TheDoomer helped Wizard 1
TheDoomer helped Knight 0
TheDoomer helped Wizard 1
TheDoomer helped Knight 0
TheDoomer helped Wizard 1
TheDoomer helped Knight 0
TheDoomer helped Wizard 1
TheDoomer helped Knight 0
TheDoomer helped Wizard 1
TheDoomer helped Knight 0
TheDoomer helped Wizard 1
TheDoomer helped Knight 0
TheDoomer helped Wizard 1
TheDoomer helped Knight 0
TheDoomer helped Wizard 1
TheDoomer helped Knight 0
TheDoomer helped Wizard 1

~~ Results ~~
K dead
W dead
