~~ Round 1 ~~
Angel DarkAngel was spawned at 0 0
Angel DarkAngel was spawned at 0 0
Angel DarkAngel was spawned at 0 0
Angel DarkAngel was spawned at 0 0
Angel DarkAngel was spawned at 0 0
DarkAngel helped Knight 0
DarkAngel helped Wizard 1
DarkAngel helped Knight 0
DarkAngel helped Wizard 1
DarkAngel helped Knight 0
DarkAngel helped Wizard 1
DarkAngel helped Knight 0
DarkAngel helped Wizard 1
DarkAngel helped Knight 0
DarkAngel helped Wizard 1

~~ Round 2 ~~
Angel DarkAngel was spawned at 0 0
Angel DarkAngel was spawned at 0 0
Angel DarkAngel was spawned at 0 0
Angel DarkAngel was spawned at 0 0
Angel DarkAngel was spawned at 0 0
DarkAngel helped Knight 0
DarkAngel helped Wizard 1
DarkAngel helped Knight 0
DarkAngel helped Wizard 1
DarkAngel helped Knight 0
DarkAngel helped Wizard 1
DarkAngel helped Knight 0
DarkAngel helped Wizard 1
DarkAngel helped Knight 0
DarkAngel helped Wizard 1

~~ Results ~~
K 0 200 174 0 0
W dead
